/api/auth/me:1 
        
        
       Failed to load resource: the server responded with a status of 401 ()
index-BskMCiLZ.js:197 `DialogContent` requires a `DialogTitle` for the component to be accessible for screen reader users.

If you want to hide the `DialogTitle`, you can wrap it with our VisuallyHidden component.

For more information, see https://radix-ui.com/primitives/docs/components/dialog
(anonymous) @ index-BskMCiLZ.js:197
yc @ index-BskMCiLZ.js:40
Yo @ index-BskMCiLZ.js:40
nC @ index-BskMCiLZ.js:40
eo @ index-BskMCiLZ.js:40
Ny @ index-BskMCiLZ.js:40
ns @ index-BskMCiLZ.js:38
(anonymous) @ index-BskMCiLZ.js:40
index-BskMCiLZ.js:197 Warning: Missing `Description` or `aria-describedby={undefined}` for {DialogContent}.
(anonymous) @ index-BskMCiLZ.js:197
yc @ index-BskMCiLZ.js:40
Yo @ index-BskMCiLZ.js:40
nC @ index-BskMCiLZ.js:40
eo @ index-BskMCiLZ.js:40
Ny @ index-BskMCiLZ.js:40
ns @ index-BskMCiLZ.js:38
(anonymous) @ index-BskMCiLZ.js:40
index-BskMCiLZ.js:153 Making POST request to /api/auth/login
index-BskMCiLZ.js:153 
        
        
       POST https://endorsehub.com/api/auth/login 500 (Internal Server Error)
Qf @ index-BskMCiLZ.js:153
mutationFn @ index-BskMCiLZ.js:153
fn @ index-BskMCiLZ.js:48
b @ index-BskMCiLZ.js:48
start @ index-BskMCiLZ.js:48
execute @ index-BskMCiLZ.js:48
await in execute
mutate @ index-BskMCiLZ.js:48
S @ index-BskMCiLZ.js:197
Sb @ index-BskMCiLZ.js:37
Eb @ index-BskMCiLZ.js:37
Cb @ index-BskMCiLZ.js:37
ng @ index-BskMCiLZ.js:37
rg @ index-BskMCiLZ.js:37
(anonymous) @ index-BskMCiLZ.js:37
kf @ index-BskMCiLZ.js:40
cm @ index-BskMCiLZ.js:37
_d @ index-BskMCiLZ.js:37
ad @ index-BskMCiLZ.js:37
Vb @ index-BskMCiLZ.js:37
index-BskMCiLZ.js:153 Request failed (500): column "isPremium" does not exist
Qf @ index-BskMCiLZ.js:153
await in Qf
mutationFn @ index-BskMCiLZ.js:153
fn @ index-BskMCiLZ.js:48
b @ index-BskMCiLZ.js:48
start @ index-BskMCiLZ.js:48
execute @ index-BskMCiLZ.js:48
await in execute
mutate @ index-BskMCiLZ.js:48
S @ index-BskMCiLZ.js:197
Sb @ index-BskMCiLZ.js:37
Eb @ index-BskMCiLZ.js:37
Cb @ index-BskMCiLZ.js:37
ng @ index-BskMCiLZ.js:37
rg @ index-BskMCiLZ.js:37
(anonymous) @ index-BskMCiLZ.js:37
kf @ index-BskMCiLZ.js:40
cm @ index-BskMCiLZ.js:37
_d @ index-BskMCiLZ.js:37
ad @ index-BskMCiLZ.js:37
Vb @ index-BskMCiLZ.js:37
index-BskMCiLZ.js:153 
        
        
       GET https://endorsehub.com/api/auth/me 401 (Unauthorized)
xN @ index-BskMCiLZ.js:153
l @ index-BskMCiLZ.js:48
b @ index-BskMCiLZ.js:48
start @ index-BskMCiLZ.js:48
fetch @ index-BskMCiLZ.js:48
(anonymous) @ index-BskMCiLZ.js:48
(anonymous) @ index-BskMCiLZ.js:48
batch @ index-BskMCiLZ.js:48
refetchQueries @ index-BskMCiLZ.js:48
(anonymous) @ index-BskMCiLZ.js:48
batch @ index-BskMCiLZ.js:48
invalidateQueries @ index-BskMCiLZ.js:48
onSuccess @ index-BskMCiLZ.js:153
execute @ index-BskMCiLZ.js:48
await in execute
mutate @ index-BskMCiLZ.js:48
S @ index-BskMCiLZ.js:197
Sb @ index-BskMCiLZ.js:37
Eb @ index-BskMCiLZ.js:37
Cb @ index-BskMCiLZ.js:37
ng @ index-BskMCiLZ.js:37
rg @ index-BskMCiLZ.js:37
(anonymous) @ index-BskMCiLZ.js:37
kf @ index-BskMCiLZ.js:40
cm @ index-BskMCiLZ.js:37
_d @ index-BskMCiLZ.js:37
ad @ index-BskMCiLZ.js:37
Vb @ index-BskMCiLZ.js:37
